19:50:46.856 [background-preinit] INFO  o.h.validator.internal.util.Version - HV000001: Hibernate Validator 6.2.0.Final
19:50:46.885 [main] INFO  c.n.seckill.SeckillApplication - Starting SeckillApplication using Java 1.8.0_312 on 4paradigmdeMacBook-Pro-2.local with PID 67559 (/Users/4paradigm/Downloads/v1/seckill/target/classes started by 4paradigm in /Users/4paradigm/Downloads/v1/seckill)
19:50:46.885 [main] INFO  c.n.seckill.SeckillApplication - The following profiles are active: dev
19:50:48.208 [main] INFO  o.s.b.w.e.tomcat.TomcatWebServer - Tomcat initialized with port(s): 8080 (http)
19:50:48.220 [main] INFO  o.a.coyote.http11.Http11NioProtocol - Initializing ProtocolHandler ["http-nio-8080"]
19:50:48.220 [main] INFO  o.a.catalina.core.StandardService - Starting service [Tomcat]
19:50:48.220 [main] INFO  o.a.catalina.core.StandardEngine - Starting Servlet engine: [Apache Tomcat/9.0.41]
19:50:48.284 [main] INFO  o.a.c.c.C.[Tomcat].[localhost].[/] - Initializing Spring embedded WebApplicationContext
19:50:48.285 [main] INFO  o.s.b.w.s.c.ServletWebServerApplicationContext - Root WebApplicationContext: initialization completed in 1322 ms
19:50:48.375 [main] INFO  c.a.d.s.b.a.DruidDataSourceAutoConfigure - Init DruidDataSource
19:50:48.645 [main] INFO  c.alibaba.druid.pool.DruidDataSource - {dataSource-1} inited
19:50:49.100 [main] INFO  o.s.s.c.ThreadPoolTaskExecutor - Initializing ExecutorService 'applicationTaskExecutor'
19:50:49.341 [main] INFO  o.a.coyote.http11.Http11NioProtocol - Starting ProtocolHandler ["http-nio-8080"]
19:50:49.367 [main] INFO  o.s.b.w.e.tomcat.TomcatWebServer - Tomcat started on port(s): 8080 (http) with context path ''
19:50:49.378 [main] INFO  c.n.seckill.SeckillApplication - Started SeckillApplication in 3.335 seconds (JVM running for 3.841)
19:56:51.688 [http-nio-8080-exec-1] INFO  o.a.c.c.C.[Tomcat].[localhost].[/] - Initializing Spring DispatcherServlet 'dispatcherServlet'
19:56:51.689 [http-nio-8080-exec-1] INFO  o.s.web.servlet.DispatcherServlet - Initializing Servlet 'dispatcherServlet'
19:56:51.695 [http-nio-8080-exec-1] INFO  o.s.web.servlet.DispatcherServlet - Completed initialization in 5 ms
19:58:23.429 [SpringContextShutdownHook] INFO  o.s.s.c.ThreadPoolTaskExecutor - Shutting down ExecutorService 'applicationTaskExecutor'
19:58:23.431 [SpringContextShutdownHook] INFO  c.alibaba.druid.pool.DruidDataSource - {dataSource-1} closing ...
19:58:23.446 [SpringContextShutdownHook] INFO  c.alibaba.druid.pool.DruidDataSource - {dataSource-1} closed
19:58:28.758 [background-preinit] INFO  o.h.validator.internal.util.Version - HV000001: Hibernate Validator 6.2.0.Final
19:58:28.766 [main] INFO  c.n.seckill.SeckillApplication - Starting SeckillApplication using Java 1.8.0_312 on 4paradigmdeMacBook-Pro-2.local with PID 67677 (/Users/4paradigm/Downloads/v1/seckill/target/classes started by 4paradigm in /Users/4paradigm/Downloads/v1/seckill)
19:58:28.767 [main] INFO  c.n.seckill.SeckillApplication - The following profiles are active: dev
19:58:30.005 [main] INFO  o.s.b.w.e.tomcat.TomcatWebServer - Tomcat initialized with port(s): 8080 (http)
19:58:30.021 [main] INFO  o.a.coyote.http11.Http11NioProtocol - Initializing ProtocolHandler ["http-nio-8080"]
19:58:30.022 [main] INFO  o.a.catalina.core.StandardService - Starting service [Tomcat]
19:58:30.022 [main] INFO  o.a.catalina.core.StandardEngine - Starting Servlet engine: [Apache Tomcat/9.0.41]
19:58:30.101 [main] INFO  o.a.c.c.C.[Tomcat].[localhost].[/] - Initializing Spring embedded WebApplicationContext
19:58:30.102 [main] INFO  o.s.b.w.s.c.ServletWebServerApplicationContext - Root WebApplicationContext: initialization completed in 1271 ms
19:58:30.247 [main] INFO  c.a.d.s.b.a.DruidDataSourceAutoConfigure - Init DruidDataSource
19:58:30.556 [main] INFO  c.alibaba.druid.pool.DruidDataSource - {dataSource-1} inited
19:58:31.074 [main] INFO  o.s.s.c.ThreadPoolTaskExecutor - Initializing ExecutorService 'applicationTaskExecutor'
19:58:31.342 [main] INFO  o.a.coyote.http11.Http11NioProtocol - Starting ProtocolHandler ["http-nio-8080"]
19:58:31.377 [main] INFO  o.s.b.w.e.tomcat.TomcatWebServer - Tomcat started on port(s): 8080 (http) with context path ''
19:58:31.391 [main] INFO  c.n.seckill.SeckillApplication - Started SeckillApplication in 3.258 seconds (JVM running for 4.387)
19:58:37.732 [http-nio-8080-exec-1] INFO  o.a.c.c.C.[Tomcat].[localhost].[/] - Initializing Spring DispatcherServlet 'dispatcherServlet'
19:58:37.733 [http-nio-8080-exec-1] INFO  o.s.web.servlet.DispatcherServlet - Initializing Servlet 'dispatcherServlet'
19:58:37.733 [http-nio-8080-exec-1] INFO  o.s.web.servlet.DispatcherServlet - Completed initialization in 0 ms
