13:49:28.743 [SpringContextShutdownHook] INFO  o.s.s.c.ThreadPoolTaskExecutor - Shutting down ExecutorService 'applicationTaskExecutor'
13:49:28.751 [SpringContextShutdownHook] INFO  c.alibaba.druid.pool.DruidDataSource - {dataSource-1} closing ...
13:49:28.755 [SpringContextShutdownHook] INFO  c.alibaba.druid.pool.DruidDataSource - {dataSource-1} closed
13:49:33.083 [background-preinit] INFO  o.h.validator.internal.util.Version - HV000001: Hibernate Validator 6.2.0.Final
13:49:33.097 [main] INFO  c.n.seckill.SeckillApplication - Starting SeckillApplication using Java 1.8.0_312 on 4paradigmdeMacBook-Pro-2.local with PID 73546 (/Users/4paradigm/Downloads/v1/seckill/target/classes started by 4paradigm in /Users/4paradigm/Downloads/v1/seckill)
13:49:33.098 [main] INFO  c.n.seckill.SeckillApplication - The following profiles are active: dev
13:49:34.794 [main] INFO  o.s.b.w.e.tomcat.TomcatWebServer - Tomcat initialized with port(s): 8080 (http)
13:49:34.843 [main] INFO  o.a.coyote.http11.Http11NioProtocol - Initializing ProtocolHandler ["http-nio-8080"]
13:49:34.845 [main] INFO  o.a.catalina.core.StandardService - Starting service [Tomcat]
13:49:34.847 [main] INFO  o.a.catalina.core.StandardEngine - Starting Servlet engine: [Apache Tomcat/9.0.41]
13:49:34.973 [main] INFO  o.a.c.c.C.[Tomcat].[localhost].[/] - Initializing Spring embedded WebApplicationContext
13:49:34.973 [main] INFO  o.s.b.w.s.c.ServletWebServerApplicationContext - Root WebApplicationContext: initialization completed in 1785 ms
13:49:35.159 [main] INFO  c.a.d.s.b.a.DruidDataSourceAutoConfigure - Init DruidDataSource
13:49:35.472 [main] INFO  c.alibaba.druid.pool.DruidDataSource - {dataSource-1} inited
13:49:36.083 [main] INFO  o.s.s.c.ThreadPoolTaskExecutor - Initializing ExecutorService 'applicationTaskExecutor'
13:49:36.381 [main] INFO  o.a.coyote.http11.Http11NioProtocol - Starting ProtocolHandler ["http-nio-8080"]
13:49:36.418 [main] INFO  o.s.b.w.e.tomcat.TomcatWebServer - Tomcat started on port(s): 8080 (http) with context path ''
13:49:36.432 [main] INFO  c.n.seckill.SeckillApplication - Started SeckillApplication in 3.994 seconds (JVM running for 4.488)
13:49:42.990 [http-nio-8080-exec-1] INFO  o.a.c.c.C.[Tomcat].[localhost].[/] - Initializing Spring DispatcherServlet 'dispatcherServlet'
13:49:42.990 [http-nio-8080-exec-1] INFO  o.s.web.servlet.DispatcherServlet - Initializing Servlet 'dispatcherServlet'
13:49:42.991 [http-nio-8080-exec-1] INFO  o.s.web.servlet.DispatcherServlet - Completed initialization in 1 ms
